[29-Aug-2020 09:31:34 Europe/Helsinki] PHP Warning:  Module 'intl' already loaded in Unknown on line 0
[29-Aug-2020 09:31:43 Europe/Helsinki] PHP Warning:  Module 'intl' already loaded in Unknown on line 0
[29-Aug-2020 09:33:10 Europe/Helsinki] PHP Warning:  Module 'intl' already loaded in Unknown on line 0
[29-Aug-2020 09:33:15 Europe/Helsinki] PHP Warning:  Module 'intl' already loaded in Unknown on line 0
[29-Aug-2020 09:34:21 Europe/Helsinki] PHP Warning:  Module 'intl' already loaded in Unknown on line 0
[29-Aug-2020 09:48:21 Europe/Helsinki] PHP Warning:  Module 'intl' already loaded in Unknown on line 0
[29-Aug-2020 09:49:19 Europe/Helsinki] PHP Warning:  Module 'intl' already loaded in Unknown on line 0
[29-Aug-2020 09:49:21 Europe/Helsinki] PHP Warning:  Module 'intl' already loaded in Unknown on line 0
[29-Aug-2020 09:52:46 Europe/Helsinki] PHP Warning:  Module 'intl' already loaded in Unknown on line 0
[29-Aug-2020 09:52:54 Europe/Helsinki] PHP Warning:  Module 'intl' already loaded in Unknown on line 0
[29-Aug-2020 09:52:55 Europe/Helsinki] PHP Warning:  Module 'intl' already loaded in Unknown on line 0
[01-Sep-2020 10:43:13 Europe/Helsinki] PHP Warning:  Module 'intl' already loaded in Unknown on line 0
[01-Sep-2020 10:46:19 Europe/Helsinki] PHP Warning:  Module 'intl' already loaded in Unknown on line 0
[01-Sep-2020 10:46:25 Europe/Helsinki] 2020-09-01T10:46:25+03:00 [info] User Deprecated: The Symfony\Bundle\TwigBundle\Loader\FilesystemLoader class is deprecated since version 4.3 and will be removed in 5.0; use Twig notation for templates instead.
[01-Sep-2020 10:46:25 Europe/Helsinki] 2020-09-01T10:46:25+03:00 [info] User Deprecated: The Symfony\Bundle\FrameworkBundle\Templating\TemplateFilenameParser class is deprecated since version 4.3 and will be removed in 5.0; use Twig instead.
[01-Sep-2020 10:46:25 Europe/Helsinki] 2020-09-01T10:46:25+03:00 [info] User Deprecated: The Sonata\BlockBundle\Block\Service\AbstractAdminBlockService class is deprecated since sonata-project/block-bundle 3.16 and will be removed with the 4.0 release.
[01-Sep-2020 10:46:25 Europe/Helsinki] 2020-09-01T10:46:25+03:00 [info] User Deprecated: The Sonata\BlockBundle\Block\Service\AdminBlockServiceInterface interface is deprecated since sonata-project/block-bundle 3.16 and will be removed with the 4.0 release. Use Sonata\BlockBundle\Block\Service\Service\EditableBlockService instead.
[01-Sep-2020 10:46:25 Europe/Helsinki] 2020-09-01T10:46:25+03:00 [info] User Deprecated: The "Sonata\AdminBundle\Route\DefaultRouteGenerator::hasAdminRoute()" method will require a new "array<string, mixed> $parameters" argument in the next major version of its interface "Sonata\AdminBundle\Route\RouteGeneratorInterface", not defining it is deprecated.
[01-Sep-2020 10:46:25 Europe/Helsinki] 2020-09-01T10:46:25+03:00 [info] User Deprecated: The "FOS\UserBundle\Controller\SecurityController" class extends "Symfony\Bundle\FrameworkBundle\Controller\Controller" that is deprecated since Symfony 4.2, use "Symfony\Bundle\FrameworkBundle\Controller\AbstractController" instead.
[01-Sep-2020 10:46:25 Europe/Helsinki] 2020-09-01T10:46:25+03:00 [info] User Deprecated: The "FOS\UserBundle\Controller\ProfileController" class extends "Symfony\Bundle\FrameworkBundle\Controller\Controller" that is deprecated since Symfony 4.2, use "Symfony\Bundle\FrameworkBundle\Controller\AbstractController" instead.
[01-Sep-2020 10:46:25 Europe/Helsinki] 2020-09-01T10:46:25+03:00 [info] User Deprecated: The "FOS\UserBundle\Controller\RegistrationController" class extends "Symfony\Bundle\FrameworkBundle\Controller\Controller" that is deprecated since Symfony 4.2, use "Symfony\Bundle\FrameworkBundle\Controller\AbstractController" instead.
[01-Sep-2020 10:46:25 Europe/Helsinki] 2020-09-01T10:46:25+03:00 [info] User Deprecated: The "FOS\UserBundle\Controller\ChangePasswordController" class extends "Symfony\Bundle\FrameworkBundle\Controller\Controller" that is deprecated since Symfony 4.2, use "Symfony\Bundle\FrameworkBundle\Controller\AbstractController" instead.
[01-Sep-2020 10:46:25 Europe/Helsinki] 2020-09-01T10:46:25+03:00 [info] User Deprecated: The "FOS\UserBundle\Controller\ResettingController" class extends "Symfony\Bundle\FrameworkBundle\Controller\Controller" that is deprecated since Symfony 4.2, use "Symfony\Bundle\FrameworkBundle\Controller\AbstractController" instead.
[01-Sep-2020 10:46:52 Europe/Helsinki] PHP Warning:  Module 'intl' already loaded in Unknown on line 0
[01-Sep-2020 10:51:24 Europe/Helsinki] PHP Warning:  Module 'intl' already loaded in Unknown on line 0
[01-Sep-2020 10:51:24 Europe/Helsinki] PHP Warning:  Module 'intl' already loaded in Unknown on line 0
[01-Sep-2020 10:51:24 Europe/Helsinki] PHP Warning:  Module 'intl' already loaded in Unknown on line 0
[01-Sep-2020 10:51:47 Europe/Helsinki] PHP Warning:  Module 'intl' already loaded in Unknown on line 0
[01-Sep-2020 10:51:48 Europe/Helsinki] 2020-09-01T10:51:48+03:00 [info] User Deprecated: The Symfony\Bundle\TwigBundle\Loader\FilesystemLoader class is deprecated since version 4.3 and will be removed in 5.0; use Twig notation for templates instead.
[01-Sep-2020 10:51:48 Europe/Helsinki] 2020-09-01T10:51:48+03:00 [info] User Deprecated: The Symfony\Bundle\FrameworkBundle\Templating\TemplateFilenameParser class is deprecated since version 4.3 and will be removed in 5.0; use Twig instead.
[01-Sep-2020 10:51:48 Europe/Helsinki] 2020-09-01T10:51:48+03:00 [info] User Deprecated: The Sonata\BlockBundle\Block\Service\AbstractAdminBlockService class is deprecated since sonata-project/block-bundle 3.16 and will be removed with the 4.0 release.
[01-Sep-2020 10:51:48 Europe/Helsinki] 2020-09-01T10:51:48+03:00 [info] User Deprecated: The Sonata\BlockBundle\Block\Service\AdminBlockServiceInterface interface is deprecated since sonata-project/block-bundle 3.16 and will be removed with the 4.0 release. Use Sonata\BlockBundle\Block\Service\Service\EditableBlockService instead.
[01-Sep-2020 10:51:48 Europe/Helsinki] 2020-09-01T10:51:48+03:00 [info] User Deprecated: The "Sonata\AdminBundle\Route\DefaultRouteGenerator::hasAdminRoute()" method will require a new "array<string, mixed> $parameters" argument in the next major version of its interface "Sonata\AdminBundle\Route\RouteGeneratorInterface", not defining it is deprecated.
[01-Sep-2020 10:51:48 Europe/Helsinki] 2020-09-01T10:51:48+03:00 [info] User Deprecated: The "FOS\UserBundle\Controller\SecurityController" class extends "Symfony\Bundle\FrameworkBundle\Controller\Controller" that is deprecated since Symfony 4.2, use "Symfony\Bundle\FrameworkBundle\Controller\AbstractController" instead.
[01-Sep-2020 10:51:48 Europe/Helsinki] 2020-09-01T10:51:48+03:00 [info] User Deprecated: The "FOS\UserBundle\Controller\ProfileController" class extends "Symfony\Bundle\FrameworkBundle\Controller\Controller" that is deprecated since Symfony 4.2, use "Symfony\Bundle\FrameworkBundle\Controller\AbstractController" instead.
[01-Sep-2020 10:51:48 Europe/Helsinki] 2020-09-01T10:51:48+03:00 [info] User Deprecated: The "FOS\UserBundle\Controller\RegistrationController" class extends "Symfony\Bundle\FrameworkBundle\Controller\Controller" that is deprecated since Symfony 4.2, use "Symfony\Bundle\FrameworkBundle\Controller\AbstractController" instead.
[01-Sep-2020 10:51:48 Europe/Helsinki] 2020-09-01T10:51:48+03:00 [info] User Deprecated: The "FOS\UserBundle\Controller\ChangePasswordController" class extends "Symfony\Bundle\FrameworkBundle\Controller\Controller" that is deprecated since Symfony 4.2, use "Symfony\Bundle\FrameworkBundle\Controller\AbstractController" instead.
[01-Sep-2020 10:51:48 Europe/Helsinki] 2020-09-01T10:51:48+03:00 [info] User Deprecated: The "FOS\UserBundle\Controller\ResettingController" class extends "Symfony\Bundle\FrameworkBundle\Controller\Controller" that is deprecated since Symfony 4.2, use "Symfony\Bundle\FrameworkBundle\Controller\AbstractController" instead.
[01-Sep-2020 10:53:36 Europe/Helsinki] PHP Warning:  Module 'intl' already loaded in Unknown on line 0
[01-Sep-2020 10:53:36 Europe/Helsinki] PHP Warning:  Module 'intl' already loaded in Unknown on line 0
[01-Sep-2020 10:53:36 Europe/Helsinki] PHP Warning:  Module 'intl' already loaded in Unknown on line 0
[01-Sep-2020 10:54:16 Europe/Helsinki] PHP Warning:  Module 'intl' already loaded in Unknown on line 0
[01-Sep-2020 10:54:25 Europe/Helsinki] PHP Warning:  Module 'intl' already loaded in Unknown on line 0
[01-Sep-2020 10:59:53 Europe/Helsinki] PHP Warning:  Module 'intl' already loaded in Unknown on line 0
[01-Sep-2020 11:00:03 Europe/Helsinki] PHP Warning:  Module 'intl' already loaded in Unknown on line 0
[01-Sep-2020 11:00:03 Europe/Helsinki] PHP Warning:  Module 'intl' already loaded in Unknown on line 0
[01-Sep-2020 11:00:03 Europe/Helsinki] PHP Warning:  Module 'intl' already loaded in Unknown on line 0
[01-Sep-2020 11:00:06 Europe/Helsinki] PHP Warning:  Module 'intl' already loaded in Unknown on line 0
[01-Sep-2020 11:06:42 Europe/Helsinki] PHP Warning:  Module 'intl' already loaded in Unknown on line 0
[01-Sep-2020 11:06:42 Europe/Helsinki] PHP Warning:  Module 'intl' already loaded in Unknown on line 0
[01-Sep-2020 11:06:42 Europe/Helsinki] PHP Warning:  Module 'intl' already loaded in Unknown on line 0
[01-Sep-2020 11:07:49 Europe/Helsinki] PHP Warning:  Module 'intl' already loaded in Unknown on line 0
[01-Sep-2020 11:08:10 Europe/Helsinki] PHP Warning:  Module 'intl' already loaded in Unknown on line 0
[01-Sep-2020 11:15:32 Europe/Helsinki] PHP Warning:  Module 'intl' already loaded in Unknown on line 0
[01-Sep-2020 11:15:51 Europe/Helsinki] PHP Warning:  Module 'intl' already loaded in Unknown on line 0
[01-Sep-2020 11:15:51 Europe/Helsinki] PHP Warning:  Module 'intl' already loaded in Unknown on line 0
[01-Sep-2020 11:15:51 Europe/Helsinki] PHP Warning:  Module 'intl' already loaded in Unknown on line 0
[01-Sep-2020 11:16:01 Europe/Helsinki] PHP Warning:  Module 'intl' already loaded in Unknown on line 0
[01-Sep-2020 11:16:01 Europe/Helsinki] PHP Warning:  Module 'intl' already loaded in Unknown on line 0
[01-Sep-2020 11:16:01 Europe/Helsinki] PHP Warning:  Module 'intl' already loaded in Unknown on line 0
[03-Sep-2020 07:49:37 Europe/Helsinki] PHP Warning:  Module 'intl' already loaded in Unknown on line 0
[03-Sep-2020 07:49:37 Europe/Helsinki] PHP Warning:  Module 'intl' already loaded in Unknown on line 0
[03-Sep-2020 07:49:37 Europe/Helsinki] PHP Warning:  Module 'intl' already loaded in Unknown on line 0
